<?xml version="1.0" encoding="UTF-8"?>
<!-- Generated by org.testng.reporters.JUnitReportReporter -->
<testsuite hostname="Can" failures="0" tests="1" name="TestCase.TestCase3" time="21.219" errors="0" timestamp="2023-06-23T10:19:42 EDT" skipped="0">
  <testcase classname="TestCase.TestCase3" name="testCase3" time="21.219"/>
  <system-out/>
</testsuite> <!-- TestCase.TestCase3 -->
