<?xml version="1.0" encoding="UTF-8"?>
<!-- Generated by org.testng.reporters.JUnitReportReporter -->
<testsuite hostname="Can" failures="0" tests="1" name="testcases.TestCase1" time="47.184" errors="0" timestamp="2023-07-20T23:34:35 EDT" skipped="0">
  <testcase classname="testcases.TestCase1" name="testCase" time="47.184"/>
  <system-out/>
</testsuite> <!-- testcases.TestCase1 -->
